12/14/2018 7:31:08 PM, Info: Initializing SIMPLSharp Services...
12/14/2018 7:31:09 PM, Info: ProjectInfo successfully initialized.
12/14/2018 7:33:16 PM, Info: Saving project information...
12/14/2018 7:33:16 PM, Info: Saving project information...
12/14/2018 7:33:16 PM, Info: Saving project information...
12/14/2018 7:33:16 PM, Info: Saving project information...
12/14/2018 7:33:16 PM, Info: Saving project information...
12/14/2018 7:33:16 PM, Info: Saving project information...
12/14/2018 7:33:19 PM, Info: Validating assembly D:\Google Drive\Development Work\HBCrestronLibrary\HBCrestronLibrary\bin\Debug\HBCrestronLibrary.dll...
12/14/2018 7:33:20 PM, Info: Verifying assembly D:\Google Drive\Development Work\HBCrestronLibrary\HBCrestronLibrary\bin\Debug\HBCrestronLibrary.dll
12/14/2018 7:33:20 PM, Info: Creating Archive D:\Google Drive\Development Work\HBCrestronLibrary\HBCrestronLibrary\bin\Debug\HBCrestronLibrary.clz...
12/14/2018 7:33:21 PM, Info: Saving project information...
12/14/2018 7:35:57 PM, Info: Saving project information...
12/14/2018 7:35:57 PM, Info: Saving project information...
12/14/2018 7:35:57 PM, Info: Saving project information...
12/14/2018 7:36:08 PM, Info: Saving project information...
12/14/2018 7:36:08 PM, Info: Saving project information...
12/14/2018 7:36:08 PM, Info: Saving project information...
12/14/2018 7:36:08 PM, Info: Saving project information...
12/14/2018 7:36:08 PM, Info: Saving project information...
12/14/2018 7:36:08 PM, Info: Saving project information...
12/14/2018 7:36:10 PM, Info: Validating assembly D:\Google Drive\Development Work\HBCrestronLibrary\HBCrestronLibrary\bin\Debug\HBCrestronLibrary.dll...
12/14/2018 7:36:10 PM, Info: Verifying assembly D:\Google Drive\Development Work\HBCrestronLibrary\HBCrestronLibrary\bin\Debug\HBCrestronLibrary.dll
12/14/2018 7:36:10 PM, Info: Creating Archive D:\Google Drive\Development Work\HBCrestronLibrary\HBCrestronLibrary\bin\Debug\HBCrestronLibrary.clz...
12/14/2018 7:36:12 PM, Info: Saving project information...
12/14/2018 8:33:10 PM, Info: Validating assembly D:\Google Drive\Development Work\HBCrestronLibrary\HBCrestronLibrary\bin\Debug\HBCrestronLibrary.dll...
12/14/2018 8:33:11 PM, Info: Verifying assembly D:\Google Drive\Development Work\HBCrestronLibrary\HBCrestronLibrary\bin\Debug\HBCrestronLibrary.dll
12/14/2018 8:33:11 PM, Info: Creating Archive D:\Google Drive\Development Work\HBCrestronLibrary\HBCrestronLibrary\bin\Debug\HBCrestronLibrary.clz...
12/14/2018 8:33:12 PM, Info: Saving project information...
12/14/2018 8:38:44 PM, Info: Validating assembly D:\Google Drive\Development Work\HBCrestronLibrary\HBCrestronLibrary\bin\Debug\HBCrestronLibrary.dll...
12/14/2018 8:38:44 PM, Info: Verifying assembly D:\Google Drive\Development Work\HBCrestronLibrary\HBCrestronLibrary\bin\Debug\HBCrestronLibrary.dll
12/14/2018 8:38:44 PM, Info: Creating Archive D:\Google Drive\Development Work\HBCrestronLibrary\HBCrestronLibrary\bin\Debug\HBCrestronLibrary.clz...
12/14/2018 8:38:46 PM, Info: Saving project information...
12/14/2018 8:42:07 PM, Info: Validating assembly D:\Google Drive\Development Work\HBCrestronLibrary\HBCrestronLibrary\bin\Debug\HBCrestronLibrary.dll...
12/14/2018 8:42:07 PM, Info: Verifying assembly D:\Google Drive\Development Work\HBCrestronLibrary\HBCrestronLibrary\bin\Debug\HBCrestronLibrary.dll
12/14/2018 8:42:08 PM, Info: Creating Archive D:\Google Drive\Development Work\HBCrestronLibrary\HBCrestronLibrary\bin\Debug\HBCrestronLibrary.clz...
12/14/2018 8:42:09 PM, Info: Saving project information...
12/14/2018 8:51:10 PM, Info: Validating assembly D:\Google Drive\Development Work\HBCrestronLibrary\HBCrestronLibrary\bin\Debug\HBCrestronLibrary.dll...
12/14/2018 8:51:11 PM, Info: Verifying assembly D:\Google Drive\Development Work\HBCrestronLibrary\HBCrestronLibrary\bin\Debug\HBCrestronLibrary.dll
12/14/2018 8:51:11 PM, Info: Creating Archive D:\Google Drive\Development Work\HBCrestronLibrary\HBCrestronLibrary\bin\Debug\HBCrestronLibrary.clz...
12/14/2018 8:51:12 PM, Info: Saving project information...
12/15/2018 7:34:34 AM, Info: Validating assembly D:\Google Drive\Development Work\HBCrestronLibrary\HBCrestronLibrary\bin\Debug\HBCrestronLibrary.dll...
12/15/2018 7:34:34 AM, Info: Verifying assembly D:\Google Drive\Development Work\HBCrestronLibrary\HBCrestronLibrary\bin\Debug\HBCrestronLibrary.dll
12/15/2018 7:34:34 AM, Info: Creating Archive D:\Google Drive\Development Work\HBCrestronLibrary\HBCrestronLibrary\bin\Debug\HBCrestronLibrary.clz...
12/15/2018 7:34:36 AM, Info: Saving project information...
12/15/2018 7:34:51 AM, Info: Validating assembly D:\Google Drive\Development Work\HBCrestronLibrary\HBCrestronLibrary\bin\Debug\HBCrestronLibrary.dll...
12/15/2018 7:34:51 AM, Info: Verifying assembly D:\Google Drive\Development Work\HBCrestronLibrary\HBCrestronLibrary\bin\Debug\HBCrestronLibrary.dll
12/15/2018 7:34:51 AM, Info: Creating Archive D:\Google Drive\Development Work\HBCrestronLibrary\HBCrestronLibrary\bin\Debug\HBCrestronLibrary.clz...
12/15/2018 7:34:52 AM, Info: Saving project information...
12/15/2018 7:37:15 AM, Info: Validating assembly D:\Google Drive\Development Work\HBCrestronLibrary\HBCrestronLibrary\bin\Debug\HBCrestronLibrary.dll...
12/15/2018 7:37:16 AM, Info: Verifying assembly D:\Google Drive\Development Work\HBCrestronLibrary\HBCrestronLibrary\bin\Debug\HBCrestronLibrary.dll
12/15/2018 7:37:16 AM, Info: Creating Archive D:\Google Drive\Development Work\HBCrestronLibrary\HBCrestronLibrary\bin\Debug\HBCrestronLibrary.clz...
12/15/2018 7:37:17 AM, Info: Saving project information...
12/15/2018 8:03:00 AM, Info: Validating assembly D:\Google Drive\Development Work\HBCrestronLibrary\HBCrestronLibrary\bin\Debug\HBCrestronLibrary.dll...
12/15/2018 8:03:01 AM, Info: Verifying assembly D:\Google Drive\Development Work\HBCrestronLibrary\HBCrestronLibrary\bin\Debug\HBCrestronLibrary.dll
12/15/2018 8:03:01 AM, Info: Creating Archive D:\Google Drive\Development Work\HBCrestronLibrary\HBCrestronLibrary\bin\Debug\HBCrestronLibrary.clz...
12/15/2018 8:03:02 AM, Info: Saving project information...
12/15/2018 8:04:01 AM, Info: Validating assembly D:\Google Drive\Development Work\HBCrestronLibrary\HBCrestronLibrary\bin\Debug\HBCrestronLibrary.dll...
12/15/2018 8:04:02 AM, Info: Verifying assembly D:\Google Drive\Development Work\HBCrestronLibrary\HBCrestronLibrary\bin\Debug\HBCrestronLibrary.dll
12/15/2018 8:04:02 AM, Info: Creating Archive D:\Google Drive\Development Work\HBCrestronLibrary\HBCrestronLibrary\bin\Debug\HBCrestronLibrary.clz...
12/15/2018 8:04:03 AM, Info: Saving project information...
12/15/2018 8:05:09 AM, Info: Validating assembly D:\Google Drive\Development Work\HBCrestronLibrary\HBCrestronLibrary\bin\Debug\HBCrestronLibrary.dll...
12/15/2018 8:05:09 AM, Info: Verifying assembly D:\Google Drive\Development Work\HBCrestronLibrary\HBCrestronLibrary\bin\Debug\HBCrestronLibrary.dll
12/15/2018 8:05:09 AM, Info: Creating Archive D:\Google Drive\Development Work\HBCrestronLibrary\HBCrestronLibrary\bin\Debug\HBCrestronLibrary.clz...
12/15/2018 8:05:10 AM, Info: Saving project information...
12/15/2018 8:08:38 AM, Info: Validating assembly D:\Google Drive\Development Work\HBCrestronLibrary\HBCrestronLibrary\bin\Debug\HBCrestronLibrary.dll...
12/15/2018 8:08:38 AM, Info: Verifying assembly D:\Google Drive\Development Work\HBCrestronLibrary\HBCrestronLibrary\bin\Debug\HBCrestronLibrary.dll
12/15/2018 8:08:38 AM, Info: Creating Archive D:\Google Drive\Development Work\HBCrestronLibrary\HBCrestronLibrary\bin\Debug\HBCrestronLibrary.clz...
12/15/2018 8:08:40 AM, Info: Saving project information...
12/15/2018 8:12:04 AM, Info: Validating assembly D:\Google Drive\Development Work\HBCrestronLibrary\HBCrestronLibrary\bin\Debug\HBCrestronLibrary.dll...
12/15/2018 8:12:04 AM, Info: Verifying assembly D:\Google Drive\Development Work\HBCrestronLibrary\HBCrestronLibrary\bin\Debug\HBCrestronLibrary.dll
12/15/2018 8:12:04 AM, Info: Creating Archive D:\Google Drive\Development Work\HBCrestronLibrary\HBCrestronLibrary\bin\Debug\HBCrestronLibrary.clz...
12/15/2018 8:12:06 AM, Info: Saving project information...
12/15/2018 8:13:14 AM, Info: Validating assembly D:\Google Drive\Development Work\HBCrestronLibrary\HBCrestronLibrary\bin\Debug\HBCrestronLibrary.dll...
12/15/2018 8:13:15 AM, Info: Verifying assembly D:\Google Drive\Development Work\HBCrestronLibrary\HBCrestronLibrary\bin\Debug\HBCrestronLibrary.dll
12/15/2018 8:13:15 AM, Info: Creating Archive D:\Google Drive\Development Work\HBCrestronLibrary\HBCrestronLibrary\bin\Debug\HBCrestronLibrary.clz...
12/15/2018 8:13:16 AM, Info: Saving project information...
12/15/2018 8:16:16 AM, Info: Validating assembly D:\Google Drive\Development Work\HBCrestronLibrary\HBCrestronLibrary\bin\Debug\HBCrestronLibrary.dll...
12/15/2018 8:16:16 AM, Info: Verifying assembly D:\Google Drive\Development Work\HBCrestronLibrary\HBCrestronLibrary\bin\Debug\HBCrestronLibrary.dll
12/15/2018 8:16:16 AM, Info: Creating Archive D:\Google Drive\Development Work\HBCrestronLibrary\HBCrestronLibrary\bin\Debug\HBCrestronLibrary.clz...
12/15/2018 8:16:18 AM, Info: Saving project information...
12/15/2018 8:20:56 AM, Info: Validating assembly D:\Google Drive\Development Work\HBCrestronLibrary\HBCrestronLibrary\bin\Debug\HBCrestronLibrary.dll...
12/15/2018 8:20:56 AM, Info: Verifying assembly D:\Google Drive\Development Work\HBCrestronLibrary\HBCrestronLibrary\bin\Debug\HBCrestronLibrary.dll
12/15/2018 8:20:56 AM, Info: Creating Archive D:\Google Drive\Development Work\HBCrestronLibrary\HBCrestronLibrary\bin\Debug\HBCrestronLibrary.clz...
12/15/2018 8:20:58 AM, Info: Saving project information...
12/17/2018 6:17:43 AM, Info: Validating assembly D:\Google Drive\Development Work\HBCrestronLibrary\HBCrestronLibrary\bin\Debug\HBCrestronLibrary.dll...
12/17/2018 6:17:43 AM, Info: Verifying assembly D:\Google Drive\Development Work\HBCrestronLibrary\HBCrestronLibrary\bin\Debug\HBCrestronLibrary.dll
12/17/2018 6:17:43 AM, Info: Creating Archive D:\Google Drive\Development Work\HBCrestronLibrary\HBCrestronLibrary\bin\Debug\HBCrestronLibrary.clz...
12/17/2018 6:17:46 AM, Info: Saving project information...
12/18/2018 6:35:57 AM, Info: Saving project information...
12/18/2018 6:35:57 AM, Info: Saving project information...
12/18/2018 6:35:57 AM, Info: Saving project information...
12/18/2018 6:36:02 AM, Info: Saving project information...
12/18/2018 6:36:02 AM, Info: Saving project information...
12/18/2018 6:36:02 AM, Info: Saving project information...
12/18/2018 6:36:02 AM, Info: Saving project information...
12/18/2018 6:36:02 AM, Info: Saving project information...
12/18/2018 6:36:02 AM, Info: Saving project information...
12/18/2018 6:43:16 AM, Info: Validating assembly D:\Google Drive\Development Work\HBCrestronLibrary\HBCrestronLibrary\bin\Debug\HBCrestronLibrary.dll...
12/18/2018 6:43:16 AM, Info: Verifying assembly D:\Google Drive\Development Work\HBCrestronLibrary\HBCrestronLibrary\bin\Debug\HBCrestronLibrary.dll
12/18/2018 6:43:16 AM, Info: Creating Archive D:\Google Drive\Development Work\HBCrestronLibrary\HBCrestronLibrary\bin\Debug\HBCrestronLibrary.clz...
12/18/2018 6:43:16 AM, Info: Saving project information...
12/18/2018 6:45:35 AM, Info: Validating assembly D:\Google Drive\Development Work\HBCrestronLibrary\HBCrestronLibrary\bin\Debug\HBCrestronLibrary.dll...
12/18/2018 6:45:35 AM, Info: Verifying assembly D:\Google Drive\Development Work\HBCrestronLibrary\HBCrestronLibrary\bin\Debug\HBCrestronLibrary.dll
12/18/2018 6:45:35 AM, Info: Creating Archive D:\Google Drive\Development Work\HBCrestronLibrary\HBCrestronLibrary\bin\Debug\HBCrestronLibrary.clz...
12/18/2018 6:45:36 AM, Info: Saving project information...
12/18/2018 6:48:11 AM, Info: Validating assembly D:\Google Drive\Development Work\HBCrestronLibrary\HBCrestronLibrary\bin\Debug\HBCrestronLibrary.dll...
12/18/2018 6:48:11 AM, Info: Verifying assembly D:\Google Drive\Development Work\HBCrestronLibrary\HBCrestronLibrary\bin\Debug\HBCrestronLibrary.dll
12/18/2018 6:48:11 AM, Info: Creating Archive D:\Google Drive\Development Work\HBCrestronLibrary\HBCrestronLibrary\bin\Debug\HBCrestronLibrary.clz...
12/18/2018 6:48:12 AM, Info: Saving project information...
12/18/2018 6:48:20 AM, Info: Validating assembly D:\Google Drive\Development Work\HBCrestronLibrary\HBCrestronLibrary\bin\Debug\HBCrestronLibrary.dll...
12/18/2018 6:48:20 AM, Info: Verifying assembly D:\Google Drive\Development Work\HBCrestronLibrary\HBCrestronLibrary\bin\Debug\HBCrestronLibrary.dll
12/18/2018 6:48:20 AM, Info: Creating Archive D:\Google Drive\Development Work\HBCrestronLibrary\HBCrestronLibrary\bin\Debug\HBCrestronLibrary.clz...
12/18/2018 6:48:20 AM, Info: Saving project information...
12/18/2018 11:56:50 AM, Info: Validating assembly D:\Google Drive\Development Work\HBCrestronLibrary\HBCrestronLibrary\bin\Debug\HBCrestronLibrary.dll...
12/18/2018 11:56:50 AM, Info: Verifying assembly D:\Google Drive\Development Work\HBCrestronLibrary\HBCrestronLibrary\bin\Debug\HBCrestronLibrary.dll
12/18/2018 11:56:50 AM, Info: Creating Archive D:\Google Drive\Development Work\HBCrestronLibrary\HBCrestronLibrary\bin\Debug\HBCrestronLibrary.clz...
12/18/2018 11:56:51 AM, Info: Saving project information...
12/18/2018 12:03:29 PM, Info: Validating assembly D:\Google Drive\Development Work\HBCrestronLibrary\HBCrestronLibrary\bin\Debug\HBCrestronLibrary.dll...
12/18/2018 12:03:29 PM, Info: Verifying assembly D:\Google Drive\Development Work\HBCrestronLibrary\HBCrestronLibrary\bin\Debug\HBCrestronLibrary.dll
12/18/2018 12:03:29 PM, Info: Creating Archive D:\Google Drive\Development Work\HBCrestronLibrary\HBCrestronLibrary\bin\Debug\HBCrestronLibrary.clz...
12/18/2018 12:03:30 PM, Info: Saving project information...
12/18/2018 12:46:34 PM, Info: Validating assembly D:\Google Drive\Development Work\HBCrestronLibrary\HBCrestronLibrary\bin\Debug\HBCrestronLibrary.dll...
12/18/2018 12:46:34 PM, Info: Verifying assembly D:\Google Drive\Development Work\HBCrestronLibrary\HBCrestronLibrary\bin\Debug\HBCrestronLibrary.dll
12/18/2018 12:46:34 PM, Info: Creating Archive D:\Google Drive\Development Work\HBCrestronLibrary\HBCrestronLibrary\bin\Debug\HBCrestronLibrary.clz...
12/18/2018 12:46:34 PM, Info: Saving project information...
12/18/2018 2:50:57 PM, Info: Saving project information...
12/18/2018 2:50:57 PM, Info: Saving project information...
12/18/2018 2:50:57 PM, Info: Saving project information...
12/18/2018 2:55:57 PM, Info: Saving project information...
12/18/2018 2:55:57 PM, Info: Saving project information...
12/18/2018 2:55:57 PM, Info: Saving project information...
12/18/2018 2:59:13 PM, Info: Saving project information...
12/18/2018 2:59:13 PM, Info: Saving project information...
12/18/2018 2:59:13 PM, Info: Saving project information...
12/18/2018 2:59:13 PM, Info: Saving project information...
12/18/2018 2:59:13 PM, Info: Saving project information...
12/18/2018 2:59:13 PM, Info: Saving project information...
12/18/2018 2:59:15 PM, Info: Validating assembly D:\Google Drive\Development Work\HBCrestronLibrary\HBCrestronLibrary\bin\Debug\HBCrestronLibrary.dll...
12/18/2018 2:59:16 PM, Info: Verifying assembly D:\Google Drive\Development Work\HBCrestronLibrary\HBCrestronLibrary\bin\Debug\HBCrestronLibrary.dll
12/18/2018 2:59:16 PM, Info: Creating Archive D:\Google Drive\Development Work\HBCrestronLibrary\HBCrestronLibrary\bin\Debug\HBCrestronLibrary.clz...
12/18/2018 2:59:16 PM, Info: Saving project information...
12/18/2018 3:02:40 PM, Info: Terminating SIMPLSharp Services
