11/26/2018 7:55:45 PM, Info: Initializing SIMPLSharp Services...
11/26/2018 7:55:45 PM, Info: ProjectInfo successfully initialized.
11/26/2018 8:01:14 PM, Info: Validating assembly D:\Google Drive\Development Work\HBCrestronLibrary\HBCrestronLibrary\bin\Debug\HBCrestronLibrary.dll...
11/26/2018 8:01:14 PM, Info: Verifying assembly D:\Google Drive\Development Work\HBCrestronLibrary\HBCrestronLibrary\bin\Debug\HBCrestronLibrary.dll
11/26/2018 8:01:14 PM, Info: Creating Archive D:\Google Drive\Development Work\HBCrestronLibrary\HBCrestronLibrary\bin\Debug\HBCrestronLibrary.clz...
11/26/2018 8:01:15 PM, Info: Saving project information...
11/26/2018 8:09:15 PM, Info: Validating assembly D:\Google Drive\Development Work\SimplSharpMonoPorts\SSharpZip.dll...
11/26/2018 8:10:43 PM, Info: Saving project information...
11/26/2018 8:10:43 PM, Info: Saving project information...
11/26/2018 8:10:43 PM, Info: Saving project information...
11/26/2018 8:15:43 PM, Info: Saving project information...
11/26/2018 8:15:43 PM, Info: Saving project information...
11/26/2018 8:15:43 PM, Info: Saving project information...
11/26/2018 8:20:43 PM, Info: Saving project information...
11/26/2018 8:20:43 PM, Info: Saving project information...
11/26/2018 8:20:43 PM, Info: Saving project information...
11/26/2018 8:25:43 PM, Info: Saving project information...
11/26/2018 8:25:43 PM, Info: Saving project information...
11/26/2018 8:25:43 PM, Info: Saving project information...
11/26/2018 8:30:43 PM, Info: Saving project information...
11/26/2018 8:30:43 PM, Info: Saving project information...
11/26/2018 8:30:43 PM, Info: Saving project information...
11/26/2018 8:35:43 PM, Info: Saving project information...
11/26/2018 8:35:43 PM, Info: Saving project information...
11/26/2018 8:35:43 PM, Info: Saving project information...
11/26/2018 8:40:43 PM, Info: Saving project information...
11/26/2018 8:40:43 PM, Info: Saving project information...
11/26/2018 8:40:43 PM, Info: Saving project information...
11/26/2018 8:45:43 PM, Info: Saving project information...
11/26/2018 8:45:43 PM, Info: Saving project information...
11/26/2018 8:45:43 PM, Info: Saving project information...
11/26/2018 8:50:43 PM, Info: Saving project information...
11/26/2018 8:50:43 PM, Info: Saving project information...
11/26/2018 8:50:43 PM, Info: Saving project information...
11/26/2018 8:55:43 PM, Info: Saving project information...
11/26/2018 8:55:43 PM, Info: Saving project information...
11/26/2018 8:55:43 PM, Info: Saving project information...
11/26/2018 9:00:43 PM, Info: Saving project information...
11/26/2018 9:00:43 PM, Info: Saving project information...
11/26/2018 9:00:43 PM, Info: Saving project information...
11/26/2018 9:05:43 PM, Info: Saving project information...
11/26/2018 9:05:43 PM, Info: Saving project information...
11/26/2018 9:05:43 PM, Info: Saving project information...
11/26/2018 9:10:43 PM, Info: Saving project information...
11/26/2018 9:10:43 PM, Info: Saving project information...
11/26/2018 9:10:43 PM, Info: Saving project information...
11/26/2018 9:15:43 PM, Info: Saving project information...
11/26/2018 9:15:43 PM, Info: Saving project information...
11/26/2018 9:15:43 PM, Info: Saving project information...
11/26/2018 9:20:43 PM, Info: Saving project information...
11/26/2018 9:20:43 PM, Info: Saving project information...
11/26/2018 9:20:43 PM, Info: Saving project information...
11/26/2018 9:25:43 PM, Info: Saving project information...
11/26/2018 9:25:43 PM, Info: Saving project information...
11/26/2018 9:25:43 PM, Info: Saving project information...
11/26/2018 9:30:43 PM, Info: Saving project information...
11/26/2018 9:30:43 PM, Info: Saving project information...
11/26/2018 9:30:43 PM, Info: Saving project information...
11/26/2018 9:35:43 PM, Info: Saving project information...
11/26/2018 9:35:43 PM, Info: Saving project information...
11/26/2018 9:35:43 PM, Info: Saving project information...
11/26/2018 9:40:43 PM, Info: Saving project information...
11/26/2018 9:40:43 PM, Info: Saving project information...
11/26/2018 9:40:43 PM, Info: Saving project information...
11/26/2018 9:45:43 PM, Info: Saving project information...
11/26/2018 9:45:43 PM, Info: Saving project information...
11/26/2018 9:45:43 PM, Info: Saving project information...
11/26/2018 9:50:43 PM, Info: Saving project information...
11/26/2018 9:50:43 PM, Info: Saving project information...
11/26/2018 9:50:43 PM, Info: Saving project information...
11/26/2018 9:55:43 PM, Info: Saving project information...
11/26/2018 9:55:43 PM, Info: Saving project information...
11/26/2018 9:55:43 PM, Info: Saving project information...
11/26/2018 10:00:43 PM, Info: Saving project information...
11/26/2018 10:00:43 PM, Info: Saving project information...
11/26/2018 10:00:43 PM, Info: Saving project information...
11/26/2018 10:05:43 PM, Info: Saving project information...
11/26/2018 10:05:43 PM, Info: Saving project information...
11/26/2018 10:05:43 PM, Info: Saving project information...
11/26/2018 10:10:43 PM, Info: Saving project information...
11/26/2018 10:10:43 PM, Info: Saving project information...
11/26/2018 10:10:43 PM, Info: Saving project information...
11/26/2018 10:15:43 PM, Info: Saving project information...
11/26/2018 10:15:43 PM, Info: Saving project information...
11/26/2018 10:15:43 PM, Info: Saving project information...
11/26/2018 10:20:43 PM, Info: Saving project information...
11/26/2018 10:20:43 PM, Info: Saving project information...
11/26/2018 10:20:43 PM, Info: Saving project information...
11/26/2018 10:25:43 PM, Info: Saving project information...
11/26/2018 10:25:43 PM, Info: Saving project information...
11/26/2018 10:25:43 PM, Info: Saving project information...
11/26/2018 10:30:43 PM, Info: Saving project information...
11/26/2018 10:30:43 PM, Info: Saving project information...
11/26/2018 10:30:43 PM, Info: Saving project information...
11/26/2018 10:35:43 PM, Info: Saving project information...
11/26/2018 10:35:43 PM, Info: Saving project information...
11/26/2018 10:35:43 PM, Info: Saving project information...
11/26/2018 10:40:43 PM, Info: Saving project information...
11/26/2018 10:40:43 PM, Info: Saving project information...
11/26/2018 10:40:43 PM, Info: Saving project information...
11/26/2018 10:45:43 PM, Info: Saving project information...
11/26/2018 10:45:43 PM, Info: Saving project information...
11/26/2018 10:45:43 PM, Info: Saving project information...
11/26/2018 10:50:43 PM, Info: Saving project information...
11/26/2018 10:50:43 PM, Info: Saving project information...
11/26/2018 10:50:43 PM, Info: Saving project information...
11/26/2018 10:55:43 PM, Info: Saving project information...
11/26/2018 10:55:43 PM, Info: Saving project information...
11/26/2018 10:55:43 PM, Info: Saving project information...
11/26/2018 11:00:43 PM, Info: Saving project information...
11/26/2018 11:00:43 PM, Info: Saving project information...
11/26/2018 11:00:43 PM, Info: Saving project information...
11/26/2018 11:05:43 PM, Info: Saving project information...
11/26/2018 11:05:43 PM, Info: Saving project information...
11/26/2018 11:05:43 PM, Info: Saving project information...
11/26/2018 11:10:43 PM, Info: Saving project information...
11/26/2018 11:10:43 PM, Info: Saving project information...
11/26/2018 11:10:43 PM, Info: Saving project information...
11/26/2018 11:15:43 PM, Info: Saving project information...
11/26/2018 11:15:43 PM, Info: Saving project information...
11/26/2018 11:15:43 PM, Info: Saving project information...
11/26/2018 11:20:43 PM, Info: Saving project information...
11/26/2018 11:20:43 PM, Info: Saving project information...
11/26/2018 11:20:43 PM, Info: Saving project information...
11/26/2018 11:25:43 PM, Info: Saving project information...
11/26/2018 11:25:43 PM, Info: Saving project information...
11/26/2018 11:25:43 PM, Info: Saving project information...
11/26/2018 11:30:43 PM, Info: Saving project information...
11/26/2018 11:30:43 PM, Info: Saving project information...
11/26/2018 11:30:43 PM, Info: Saving project information...
11/26/2018 11:35:43 PM, Info: Saving project information...
11/26/2018 11:35:43 PM, Info: Saving project information...
11/26/2018 11:35:43 PM, Info: Saving project information...
11/26/2018 11:40:43 PM, Info: Saving project information...
11/26/2018 11:40:43 PM, Info: Saving project information...
11/26/2018 11:40:43 PM, Info: Saving project information...
11/26/2018 11:45:43 PM, Info: Saving project information...
11/26/2018 11:45:43 PM, Info: Saving project information...
11/26/2018 11:45:43 PM, Info: Saving project information...
11/26/2018 11:50:43 PM, Info: Saving project information...
11/26/2018 11:50:43 PM, Info: Saving project information...
11/26/2018 11:50:43 PM, Info: Saving project information...
11/26/2018 11:55:43 PM, Info: Saving project information...
11/26/2018 11:55:43 PM, Info: Saving project information...
11/26/2018 11:55:43 PM, Info: Saving project information...
11/27/2018 12:00:43 AM, Info: Saving project information...
11/27/2018 12:00:43 AM, Info: Saving project information...
11/27/2018 12:00:43 AM, Info: Saving project information...
11/27/2018 12:05:43 AM, Info: Saving project information...
11/27/2018 12:05:43 AM, Info: Saving project information...
11/27/2018 12:05:43 AM, Info: Saving project information...
11/27/2018 12:10:43 AM, Info: Saving project information...
11/27/2018 12:10:43 AM, Info: Saving project information...
11/27/2018 12:10:43 AM, Info: Saving project information...
11/27/2018 12:15:43 AM, Info: Saving project information...
11/27/2018 12:15:43 AM, Info: Saving project information...
11/27/2018 12:15:43 AM, Info: Saving project information...
11/27/2018 12:20:43 AM, Info: Saving project information...
11/27/2018 12:20:43 AM, Info: Saving project information...
11/27/2018 12:20:43 AM, Info: Saving project information...
11/27/2018 12:25:43 AM, Info: Saving project information...
11/27/2018 12:25:43 AM, Info: Saving project information...
11/27/2018 12:25:43 AM, Info: Saving project information...
11/27/2018 12:30:43 AM, Info: Saving project information...
11/27/2018 12:30:43 AM, Info: Saving project information...
11/27/2018 12:30:43 AM, Info: Saving project information...
11/27/2018 12:35:43 AM, Info: Saving project information...
11/27/2018 12:35:43 AM, Info: Saving project information...
11/27/2018 12:35:43 AM, Info: Saving project information...
11/27/2018 12:40:43 AM, Info: Saving project information...
11/27/2018 12:40:43 AM, Info: Saving project information...
11/27/2018 12:40:43 AM, Info: Saving project information...
11/27/2018 12:45:43 AM, Info: Saving project information...
11/27/2018 12:45:43 AM, Info: Saving project information...
11/27/2018 12:45:43 AM, Info: Saving project information...
11/27/2018 12:50:43 AM, Info: Saving project information...
11/27/2018 12:50:43 AM, Info: Saving project information...
11/27/2018 12:50:43 AM, Info: Saving project information...
11/27/2018 12:55:43 AM, Info: Saving project information...
11/27/2018 12:55:43 AM, Info: Saving project information...
11/27/2018 12:55:43 AM, Info: Saving project information...
11/27/2018 1:00:43 AM, Info: Saving project information...
11/27/2018 1:00:43 AM, Info: Saving project information...
11/27/2018 1:00:43 AM, Info: Saving project information...
11/27/2018 1:05:43 AM, Info: Saving project information...
11/27/2018 1:05:43 AM, Info: Saving project information...
11/27/2018 1:05:43 AM, Info: Saving project information...
11/27/2018 1:10:43 AM, Info: Saving project information...
11/27/2018 1:10:43 AM, Info: Saving project information...
11/27/2018 1:10:43 AM, Info: Saving project information...
11/27/2018 1:15:43 AM, Info: Saving project information...
11/27/2018 1:15:43 AM, Info: Saving project information...
11/27/2018 1:15:43 AM, Info: Saving project information...
11/27/2018 1:20:43 AM, Info: Saving project information...
11/27/2018 1:20:43 AM, Info: Saving project information...
11/27/2018 1:20:43 AM, Info: Saving project information...
11/27/2018 1:25:43 AM, Info: Saving project information...
11/27/2018 1:25:43 AM, Info: Saving project information...
11/27/2018 1:25:43 AM, Info: Saving project information...
11/27/2018 1:30:43 AM, Info: Saving project information...
11/27/2018 1:30:43 AM, Info: Saving project information...
11/27/2018 1:30:43 AM, Info: Saving project information...
11/27/2018 1:35:43 AM, Info: Saving project information...
11/27/2018 1:35:43 AM, Info: Saving project information...
11/27/2018 1:35:43 AM, Info: Saving project information...
11/27/2018 1:40:43 AM, Info: Saving project information...
11/27/2018 1:40:43 AM, Info: Saving project information...
11/27/2018 1:40:43 AM, Info: Saving project information...
11/27/2018 1:45:43 AM, Info: Saving project information...
11/27/2018 1:45:43 AM, Info: Saving project information...
11/27/2018 1:45:43 AM, Info: Saving project information...
11/27/2018 1:50:43 AM, Info: Saving project information...
11/27/2018 1:50:43 AM, Info: Saving project information...
11/27/2018 1:50:43 AM, Info: Saving project information...
11/27/2018 1:55:43 AM, Info: Saving project information...
11/27/2018 1:55:43 AM, Info: Saving project information...
11/27/2018 1:55:43 AM, Info: Saving project information...
11/27/2018 2:00:43 AM, Info: Saving project information...
11/27/2018 2:00:43 AM, Info: Saving project information...
11/27/2018 2:00:43 AM, Info: Saving project information...
11/27/2018 2:05:43 AM, Info: Saving project information...
11/27/2018 2:05:43 AM, Info: Saving project information...
11/27/2018 2:05:43 AM, Info: Saving project information...
11/27/2018 2:10:43 AM, Info: Saving project information...
11/27/2018 2:10:43 AM, Info: Saving project information...
11/27/2018 2:10:43 AM, Info: Saving project information...
11/27/2018 2:15:43 AM, Info: Saving project information...
11/27/2018 2:15:43 AM, Info: Saving project information...
11/27/2018 2:15:43 AM, Info: Saving project information...
11/27/2018 2:20:43 AM, Info: Saving project information...
11/27/2018 2:20:43 AM, Info: Saving project information...
11/27/2018 2:20:43 AM, Info: Saving project information...
11/27/2018 2:25:43 AM, Info: Saving project information...
11/27/2018 2:25:43 AM, Info: Saving project information...
11/27/2018 2:25:43 AM, Info: Saving project information...
11/27/2018 2:30:43 AM, Info: Saving project information...
11/27/2018 2:30:43 AM, Info: Saving project information...
11/27/2018 2:30:43 AM, Info: Saving project information...
11/27/2018 2:35:43 AM, Info: Saving project information...
11/27/2018 2:35:43 AM, Info: Saving project information...
11/27/2018 2:35:43 AM, Info: Saving project information...
11/27/2018 2:40:43 AM, Info: Saving project information...
11/27/2018 2:40:43 AM, Info: Saving project information...
11/27/2018 2:40:43 AM, Info: Saving project information...
11/27/2018 2:45:43 AM, Info: Saving project information...
11/27/2018 2:45:43 AM, Info: Saving project information...
11/27/2018 2:45:43 AM, Info: Saving project information...
11/27/2018 2:50:43 AM, Info: Saving project information...
11/27/2018 2:50:43 AM, Info: Saving project information...
11/27/2018 2:50:43 AM, Info: Saving project information...
11/27/2018 2:55:43 AM, Info: Saving project information...
11/27/2018 2:55:43 AM, Info: Saving project information...
11/27/2018 2:55:43 AM, Info: Saving project information...
11/27/2018 3:00:43 AM, Info: Saving project information...
11/27/2018 3:00:43 AM, Info: Saving project information...
11/27/2018 3:00:43 AM, Info: Saving project information...
11/27/2018 3:05:43 AM, Info: Saving project information...
11/27/2018 3:05:43 AM, Info: Saving project information...
11/27/2018 3:05:43 AM, Info: Saving project information...
11/27/2018 3:10:43 AM, Info: Saving project information...
11/27/2018 3:10:43 AM, Info: Saving project information...
11/27/2018 3:10:43 AM, Info: Saving project information...
11/27/2018 3:15:43 AM, Info: Saving project information...
11/27/2018 3:15:43 AM, Info: Saving project information...
11/27/2018 3:15:43 AM, Info: Saving project information...
11/27/2018 3:20:43 AM, Info: Saving project information...
11/27/2018 3:20:43 AM, Info: Saving project information...
11/27/2018 3:20:43 AM, Info: Saving project information...
11/27/2018 3:25:43 AM, Info: Saving project information...
11/27/2018 3:25:43 AM, Info: Saving project information...
11/27/2018 3:25:43 AM, Info: Saving project information...
11/27/2018 3:30:43 AM, Info: Saving project information...
11/27/2018 3:30:43 AM, Info: Saving project information...
11/27/2018 3:30:43 AM, Info: Saving project information...
11/27/2018 3:35:43 AM, Info: Saving project information...
11/27/2018 3:35:43 AM, Info: Saving project information...
11/27/2018 3:35:43 AM, Info: Saving project information...
11/27/2018 3:40:43 AM, Info: Saving project information...
11/27/2018 3:40:43 AM, Info: Saving project information...
11/27/2018 3:40:43 AM, Info: Saving project information...
11/27/2018 3:45:43 AM, Info: Saving project information...
11/27/2018 3:45:43 AM, Info: Saving project information...
11/27/2018 3:45:43 AM, Info: Saving project information...
11/27/2018 3:50:43 AM, Info: Saving project information...
11/27/2018 3:50:43 AM, Info: Saving project information...
11/27/2018 3:50:43 AM, Info: Saving project information...
11/27/2018 3:55:43 AM, Info: Saving project information...
11/27/2018 3:55:43 AM, Info: Saving project information...
11/27/2018 3:55:43 AM, Info: Saving project information...
11/27/2018 4:00:43 AM, Info: Saving project information...
11/27/2018 4:00:43 AM, Info: Saving project information...
11/27/2018 4:00:43 AM, Info: Saving project information...
11/27/2018 4:05:43 AM, Info: Saving project information...
11/27/2018 4:05:43 AM, Info: Saving project information...
11/27/2018 4:05:43 AM, Info: Saving project information...
11/27/2018 4:10:43 AM, Info: Saving project information...
11/27/2018 4:10:43 AM, Info: Saving project information...
11/27/2018 4:10:43 AM, Info: Saving project information...
11/27/2018 4:15:43 AM, Info: Saving project information...
11/27/2018 4:15:43 AM, Info: Saving project information...
11/27/2018 4:15:43 AM, Info: Saving project information...
11/27/2018 4:20:43 AM, Info: Saving project information...
11/27/2018 4:20:43 AM, Info: Saving project information...
11/27/2018 4:20:43 AM, Info: Saving project information...
11/27/2018 4:25:43 AM, Info: Saving project information...
11/27/2018 4:25:43 AM, Info: Saving project information...
11/27/2018 4:25:43 AM, Info: Saving project information...
11/27/2018 4:30:43 AM, Info: Saving project information...
11/27/2018 4:30:43 AM, Info: Saving project information...
11/27/2018 4:30:43 AM, Info: Saving project information...
11/27/2018 4:35:43 AM, Info: Saving project information...
11/27/2018 4:35:43 AM, Info: Saving project information...
11/27/2018 4:35:43 AM, Info: Saving project information...
11/27/2018 4:40:43 AM, Info: Saving project information...
11/27/2018 4:40:43 AM, Info: Saving project information...
11/27/2018 4:40:43 AM, Info: Saving project information...
11/27/2018 4:45:43 AM, Info: Saving project information...
11/27/2018 4:45:43 AM, Info: Saving project information...
11/27/2018 4:45:43 AM, Info: Saving project information...
11/27/2018 4:50:43 AM, Info: Saving project information...
11/27/2018 4:50:43 AM, Info: Saving project information...
11/27/2018 4:50:43 AM, Info: Saving project information...
11/27/2018 4:55:43 AM, Info: Saving project information...
11/27/2018 4:55:43 AM, Info: Saving project information...
11/27/2018 4:55:43 AM, Info: Saving project information...
11/27/2018 5:00:43 AM, Info: Saving project information...
11/27/2018 5:00:43 AM, Info: Saving project information...
11/27/2018 5:00:43 AM, Info: Saving project information...
11/27/2018 5:05:43 AM, Info: Saving project information...
11/27/2018 5:05:43 AM, Info: Saving project information...
11/27/2018 5:05:43 AM, Info: Saving project information...
11/27/2018 5:10:43 AM, Info: Saving project information...
11/27/2018 5:10:43 AM, Info: Saving project information...
11/27/2018 5:10:43 AM, Info: Saving project information...
11/27/2018 5:15:43 AM, Info: Saving project information...
11/27/2018 5:15:43 AM, Info: Saving project information...
11/27/2018 5:15:43 AM, Info: Saving project information...
11/27/2018 5:20:43 AM, Info: Saving project information...
11/27/2018 5:20:43 AM, Info: Saving project information...
11/27/2018 5:20:43 AM, Info: Saving project information...
11/27/2018 5:25:43 AM, Info: Saving project information...
11/27/2018 5:25:43 AM, Info: Saving project information...
11/27/2018 5:25:43 AM, Info: Saving project information...
11/27/2018 5:30:43 AM, Info: Saving project information...
11/27/2018 5:30:43 AM, Info: Saving project information...
11/27/2018 5:30:43 AM, Info: Saving project information...
11/27/2018 5:35:43 AM, Info: Saving project information...
11/27/2018 5:35:43 AM, Info: Saving project information...
11/27/2018 5:35:43 AM, Info: Saving project information...
11/27/2018 5:37:55 AM, Info: Saving project information...
11/27/2018 5:37:55 AM, Info: Saving project information...
11/27/2018 5:37:55 AM, Info: Saving project information...
11/27/2018 5:37:55 AM, Info: Saving project information...
11/27/2018 5:37:55 AM, Info: Saving project information...
11/27/2018 5:37:55 AM, Info: Saving project information...
11/27/2018 5:37:57 AM, Info: Validating assembly D:\Google Drive\Development Work\HBCrestronLibrary\HBCrestronLibrary\bin\Debug\HBCrestronLibrary.dll...
11/27/2018 5:37:57 AM, Info: Verifying assembly D:\Google Drive\Development Work\HBCrestronLibrary\HBCrestronLibrary\bin\Debug\HBCrestronLibrary.dll
11/27/2018 5:37:57 AM, Info: Creating Archive D:\Google Drive\Development Work\HBCrestronLibrary\HBCrestronLibrary\bin\Debug\HBCrestronLibrary.clz...
11/27/2018 5:37:58 AM, Info: Saving project information...
11/27/2018 5:41:29 AM, Info: Saving project information...
11/27/2018 5:41:29 AM, Info: Saving project information...
11/27/2018 5:41:29 AM, Info: Saving project information...
11/27/2018 5:41:29 AM, Info: Saving project information...
11/27/2018 5:41:29 AM, Info: Saving project information...
11/27/2018 5:41:29 AM, Info: Saving project information...
11/27/2018 5:41:30 AM, Info: Validating assembly D:\Google Drive\Development Work\HBCrestronLibrary\HBCrestronLibrary\bin\Debug\HBCrestronLibrary.dll...
11/27/2018 5:41:30 AM, Info: Verifying assembly D:\Google Drive\Development Work\HBCrestronLibrary\HBCrestronLibrary\bin\Debug\HBCrestronLibrary.dll
11/27/2018 5:41:30 AM, Info: Creating Archive D:\Google Drive\Development Work\HBCrestronLibrary\HBCrestronLibrary\bin\Debug\HBCrestronLibrary.clz...
11/27/2018 5:41:31 AM, Info: Saving project information...
11/27/2018 5:42:55 AM, Info: Validating assembly D:\Google Drive\Development Work\HBCrestronLibrary\HBCrestronLibrary\bin\Debug\HBCrestronLibrary.dll...
11/27/2018 5:42:55 AM, Info: Verifying assembly D:\Google Drive\Development Work\HBCrestronLibrary\HBCrestronLibrary\bin\Debug\HBCrestronLibrary.dll
11/27/2018 5:42:55 AM, Info: Creating Archive D:\Google Drive\Development Work\HBCrestronLibrary\HBCrestronLibrary\bin\Debug\HBCrestronLibrary.clz...
11/27/2018 5:42:56 AM, Info: Saving project information...
11/27/2018 5:43:40 AM, Info: Validating assembly D:\Google Drive\Development Work\HBCrestronLibrary\HBCrestronLibrary\bin\Debug\HBCrestronLibrary.dll...
11/27/2018 5:43:41 AM, Info: Verifying assembly D:\Google Drive\Development Work\HBCrestronLibrary\HBCrestronLibrary\bin\Debug\HBCrestronLibrary.dll
11/27/2018 5:43:41 AM, Info: Creating Archive D:\Google Drive\Development Work\HBCrestronLibrary\HBCrestronLibrary\bin\Debug\HBCrestronLibrary.clz...
11/27/2018 5:43:41 AM, Info: Saving project information...
11/27/2018 5:56:17 AM, Info: Validating assembly D:\Google Drive\Development Work\HBCrestronLibrary\HBCrestronLibrary\bin\Debug\HBCrestronLibrary.dll...
11/27/2018 5:56:17 AM, Info: Verifying assembly D:\Google Drive\Development Work\HBCrestronLibrary\HBCrestronLibrary\bin\Debug\HBCrestronLibrary.dll
11/27/2018 5:56:17 AM, Info: Creating Archive D:\Google Drive\Development Work\HBCrestronLibrary\HBCrestronLibrary\bin\Debug\HBCrestronLibrary.clz...
11/27/2018 5:56:18 AM, Info: Saving project information...
11/27/2018 5:57:32 AM, Info: Validating assembly D:\Google Drive\Development Work\HBCrestronLibrary\HBCrestronLibrary\bin\Debug\HBCrestronLibrary.dll...
11/27/2018 5:57:32 AM, Info: Verifying assembly D:\Google Drive\Development Work\HBCrestronLibrary\HBCrestronLibrary\bin\Debug\HBCrestronLibrary.dll
11/27/2018 5:57:32 AM, Info: Creating Archive D:\Google Drive\Development Work\HBCrestronLibrary\HBCrestronLibrary\bin\Debug\HBCrestronLibrary.clz...
11/27/2018 5:57:32 AM, Info: Saving project information...
11/27/2018 5:59:16 AM, Info: Validating assembly D:\Google Drive\Development Work\HBCrestronLibrary\HBCrestronLibrary\bin\Debug\HBCrestronLibrary.dll...
11/27/2018 5:59:16 AM, Info: Verifying assembly D:\Google Drive\Development Work\HBCrestronLibrary\HBCrestronLibrary\bin\Debug\HBCrestronLibrary.dll
11/27/2018 5:59:16 AM, Info: Creating Archive D:\Google Drive\Development Work\HBCrestronLibrary\HBCrestronLibrary\bin\Debug\HBCrestronLibrary.clz...
11/27/2018 5:59:16 AM, Info: Saving project information...
11/27/2018 6:00:14 AM, Info: Validating assembly D:\Google Drive\Development Work\HBCrestronLibrary\HBCrestronLibrary\bin\Debug\HBCrestronLibrary.dll...
11/27/2018 6:00:14 AM, Info: Verifying assembly D:\Google Drive\Development Work\HBCrestronLibrary\HBCrestronLibrary\bin\Debug\HBCrestronLibrary.dll
11/27/2018 6:00:14 AM, Info: Creating Archive D:\Google Drive\Development Work\HBCrestronLibrary\HBCrestronLibrary\bin\Debug\HBCrestronLibrary.clz...
11/27/2018 6:00:14 AM, Info: Saving project information...
11/27/2018 6:01:49 AM, Info: Validating assembly D:\Google Drive\Development Work\HBCrestronLibrary\HBCrestronLibrary\bin\Debug\HBCrestronLibrary.dll...
11/27/2018 6:01:50 AM, Info: Verifying assembly D:\Google Drive\Development Work\HBCrestronLibrary\HBCrestronLibrary\bin\Debug\HBCrestronLibrary.dll
11/27/2018 6:01:50 AM, Info: Creating Archive D:\Google Drive\Development Work\HBCrestronLibrary\HBCrestronLibrary\bin\Debug\HBCrestronLibrary.clz...
11/27/2018 6:01:50 AM, Info: Saving project information...
11/27/2018 6:06:42 AM, Info: Validating assembly D:\Google Drive\Development Work\HBCrestronLibrary\HBCrestronLibrary\bin\Debug\HBCrestronLibrary.dll...
11/27/2018 6:06:42 AM, Info: Verifying assembly D:\Google Drive\Development Work\HBCrestronLibrary\HBCrestronLibrary\bin\Debug\HBCrestronLibrary.dll
11/27/2018 6:06:43 AM, Info: Creating Archive D:\Google Drive\Development Work\HBCrestronLibrary\HBCrestronLibrary\bin\Debug\HBCrestronLibrary.clz...
11/27/2018 6:06:43 AM, Info: Saving project information...
11/27/2018 6:07:19 AM, Info: Validating assembly D:\Google Drive\Development Work\HBCrestronLibrary\HBCrestronLibrary\bin\Debug\HBCrestronLibrary.dll...
11/27/2018 6:07:19 AM, Info: Verifying assembly D:\Google Drive\Development Work\HBCrestronLibrary\HBCrestronLibrary\bin\Debug\HBCrestronLibrary.dll
11/27/2018 6:07:19 AM, Info: Creating Archive D:\Google Drive\Development Work\HBCrestronLibrary\HBCrestronLibrary\bin\Debug\HBCrestronLibrary.clz...
11/27/2018 6:07:20 AM, Info: Saving project information...
11/27/2018 6:08:59 AM, Info: Validating assembly D:\Google Drive\Development Work\HBCrestronLibrary\HBCrestronLibrary\bin\Debug\HBCrestronLibrary.dll...
11/27/2018 6:09:00 AM, Info: Verifying assembly D:\Google Drive\Development Work\HBCrestronLibrary\HBCrestronLibrary\bin\Debug\HBCrestronLibrary.dll
11/27/2018 6:09:00 AM, Info: Creating Archive D:\Google Drive\Development Work\HBCrestronLibrary\HBCrestronLibrary\bin\Debug\HBCrestronLibrary.clz...
11/27/2018 6:09:00 AM, Info: Saving project information...
11/27/2018 6:09:59 AM, Info: Validating assembly D:\Google Drive\Development Work\HBCrestronLibrary\HBCrestronLibrary\bin\Debug\HBCrestronLibrary.dll...
11/27/2018 6:09:59 AM, Info: Verifying assembly D:\Google Drive\Development Work\HBCrestronLibrary\HBCrestronLibrary\bin\Debug\HBCrestronLibrary.dll
11/27/2018 6:09:59 AM, Info: Creating Archive D:\Google Drive\Development Work\HBCrestronLibrary\HBCrestronLibrary\bin\Debug\HBCrestronLibrary.clz...
11/27/2018 6:10:00 AM, Info: Saving project information...
11/27/2018 6:10:48 AM, Info: Validating assembly D:\Google Drive\Development Work\HBCrestronLibrary\HBCrestronLibrary\bin\Debug\HBCrestronLibrary.dll...
11/27/2018 6:10:48 AM, Info: Verifying assembly D:\Google Drive\Development Work\HBCrestronLibrary\HBCrestronLibrary\bin\Debug\HBCrestronLibrary.dll
11/27/2018 6:10:48 AM, Info: Creating Archive D:\Google Drive\Development Work\HBCrestronLibrary\HBCrestronLibrary\bin\Debug\HBCrestronLibrary.clz...
11/27/2018 6:10:49 AM, Info: Saving project information...
11/27/2018 6:13:28 AM, Info: Validating assembly D:\Google Drive\Development Work\HBCrestronLibrary\HBCrestronLibrary\bin\Debug\HBCrestronLibrary.dll...
11/27/2018 6:13:28 AM, Info: Verifying assembly D:\Google Drive\Development Work\HBCrestronLibrary\HBCrestronLibrary\bin\Debug\HBCrestronLibrary.dll
11/27/2018 6:13:28 AM, Info: Creating Archive D:\Google Drive\Development Work\HBCrestronLibrary\HBCrestronLibrary\bin\Debug\HBCrestronLibrary.clz...
11/27/2018 6:13:28 AM, Info: Saving project information...
11/27/2018 6:13:52 AM, Info: Validating assembly D:\Google Drive\Development Work\HBCrestronLibrary\HBCrestronLibrary\bin\Debug\HBCrestronLibrary.dll...
11/27/2018 6:13:52 AM, Info: Verifying assembly D:\Google Drive\Development Work\HBCrestronLibrary\HBCrestronLibrary\bin\Debug\HBCrestronLibrary.dll
11/27/2018 6:13:52 AM, Info: Creating Archive D:\Google Drive\Development Work\HBCrestronLibrary\HBCrestronLibrary\bin\Debug\HBCrestronLibrary.clz...
11/27/2018 6:13:53 AM, Info: Saving project information...
11/27/2018 6:14:50 AM, Info: Validating assembly D:\Google Drive\Development Work\HBCrestronLibrary\HBCrestronLibrary\bin\Debug\HBCrestronLibrary.dll...
11/27/2018 6:14:50 AM, Info: Verifying assembly D:\Google Drive\Development Work\HBCrestronLibrary\HBCrestronLibrary\bin\Debug\HBCrestronLibrary.dll
11/27/2018 6:14:50 AM, Info: Creating Archive D:\Google Drive\Development Work\HBCrestronLibrary\HBCrestronLibrary\bin\Debug\HBCrestronLibrary.clz...
11/27/2018 6:14:51 AM, Info: Saving project information...
11/27/2018 6:15:21 AM, Info: Validating assembly D:\Google Drive\Development Work\HBCrestronLibrary\HBCrestronLibrary\bin\Debug\HBCrestronLibrary.dll...
11/27/2018 6:15:21 AM, Info: Verifying assembly D:\Google Drive\Development Work\HBCrestronLibrary\HBCrestronLibrary\bin\Debug\HBCrestronLibrary.dll
11/27/2018 6:15:21 AM, Info: Creating Archive D:\Google Drive\Development Work\HBCrestronLibrary\HBCrestronLibrary\bin\Debug\HBCrestronLibrary.clz...
11/27/2018 6:15:22 AM, Info: Saving project information...
11/27/2018 6:16:14 AM, Info: Validating assembly D:\Google Drive\Development Work\HBCrestronLibrary\HBCrestronLibrary\bin\Debug\HBCrestronLibrary.dll...
11/27/2018 6:16:14 AM, Info: Verifying assembly D:\Google Drive\Development Work\HBCrestronLibrary\HBCrestronLibrary\bin\Debug\HBCrestronLibrary.dll
11/27/2018 6:16:14 AM, Info: Creating Archive D:\Google Drive\Development Work\HBCrestronLibrary\HBCrestronLibrary\bin\Debug\HBCrestronLibrary.clz...
11/27/2018 6:16:15 AM, Info: Saving project information...
11/27/2018 6:17:08 AM, Info: Validating assembly D:\Google Drive\Development Work\HBCrestronLibrary\HBCrestronLibrary\bin\Debug\HBCrestronLibrary.dll...
11/27/2018 6:17:09 AM, Info: Verifying assembly D:\Google Drive\Development Work\HBCrestronLibrary\HBCrestronLibrary\bin\Debug\HBCrestronLibrary.dll
11/27/2018 6:17:09 AM, Info: Creating Archive D:\Google Drive\Development Work\HBCrestronLibrary\HBCrestronLibrary\bin\Debug\HBCrestronLibrary.clz...
11/27/2018 6:17:09 AM, Info: Saving project information...
11/27/2018 6:18:43 AM, Info: Validating assembly D:\Google Drive\Development Work\HBCrestronLibrary\HBCrestronLibrary\bin\Debug\HBCrestronLibrary.dll...
11/27/2018 6:18:43 AM, Info: Verifying assembly D:\Google Drive\Development Work\HBCrestronLibrary\HBCrestronLibrary\bin\Debug\HBCrestronLibrary.dll
11/27/2018 6:18:43 AM, Info: Creating Archive D:\Google Drive\Development Work\HBCrestronLibrary\HBCrestronLibrary\bin\Debug\HBCrestronLibrary.clz...
11/27/2018 6:18:44 AM, Info: Saving project information...
11/27/2018 6:21:59 AM, Info: Validating assembly D:\Google Drive\Development Work\HBCrestronLibrary\HBCrestronLibrary\bin\Debug\HBCrestronLibrary.dll...
11/27/2018 6:22:00 AM, Info: Verifying assembly D:\Google Drive\Development Work\HBCrestronLibrary\HBCrestronLibrary\bin\Debug\HBCrestronLibrary.dll
11/27/2018 6:22:00 AM, Info: Creating Archive D:\Google Drive\Development Work\HBCrestronLibrary\HBCrestronLibrary\bin\Debug\HBCrestronLibrary.clz...
11/27/2018 6:22:00 AM, Info: Saving project information...
11/27/2018 6:23:10 AM, Info: Validating assembly D:\Google Drive\Development Work\HBCrestronLibrary\HBCrestronLibrary\bin\Debug\HBCrestronLibrary.dll...
11/27/2018 6:23:10 AM, Info: Verifying assembly D:\Google Drive\Development Work\HBCrestronLibrary\HBCrestronLibrary\bin\Debug\HBCrestronLibrary.dll
11/27/2018 6:23:10 AM, Info: Creating Archive D:\Google Drive\Development Work\HBCrestronLibrary\HBCrestronLibrary\bin\Debug\HBCrestronLibrary.clz...
11/27/2018 6:23:10 AM, Info: Saving project information...
11/27/2018 6:24:32 AM, Info: Validating assembly D:\Google Drive\Development Work\HBCrestronLibrary\HBCrestronLibrary\bin\Debug\HBCrestronLibrary.dll...
11/27/2018 6:24:32 AM, Info: Verifying assembly D:\Google Drive\Development Work\HBCrestronLibrary\HBCrestronLibrary\bin\Debug\HBCrestronLibrary.dll
11/27/2018 6:24:32 AM, Info: Creating Archive D:\Google Drive\Development Work\HBCrestronLibrary\HBCrestronLibrary\bin\Debug\HBCrestronLibrary.clz...
11/27/2018 6:24:32 AM, Info: Saving project information...
11/27/2018 6:25:14 AM, Info: Validating assembly D:\Google Drive\Development Work\HBCrestronLibrary\HBCrestronLibrary\bin\Debug\HBCrestronLibrary.dll...
11/27/2018 6:25:14 AM, Info: Verifying assembly D:\Google Drive\Development Work\HBCrestronLibrary\HBCrestronLibrary\bin\Debug\HBCrestronLibrary.dll
11/27/2018 6:25:14 AM, Info: Creating Archive D:\Google Drive\Development Work\HBCrestronLibrary\HBCrestronLibrary\bin\Debug\HBCrestronLibrary.clz...
11/27/2018 6:25:14 AM, Info: Saving project information...
11/27/2018 6:26:43 AM, Info: Validating assembly D:\Google Drive\Development Work\HBCrestronLibrary\HBCrestronLibrary\bin\Debug\HBCrestronLibrary.dll...
11/27/2018 6:26:43 AM, Info: Verifying assembly D:\Google Drive\Development Work\HBCrestronLibrary\HBCrestronLibrary\bin\Debug\HBCrestronLibrary.dll
11/27/2018 6:26:43 AM, Info: Creating Archive D:\Google Drive\Development Work\HBCrestronLibrary\HBCrestronLibrary\bin\Debug\HBCrestronLibrary.clz...
11/27/2018 6:26:44 AM, Info: Saving project information...
11/27/2018 6:27:22 AM, Info: Validating assembly D:\Google Drive\Development Work\HBCrestronLibrary\HBCrestronLibrary\bin\Debug\HBCrestronLibrary.dll...
11/27/2018 6:27:22 AM, Info: Verifying assembly D:\Google Drive\Development Work\HBCrestronLibrary\HBCrestronLibrary\bin\Debug\HBCrestronLibrary.dll
11/27/2018 6:27:22 AM, Info: Creating Archive D:\Google Drive\Development Work\HBCrestronLibrary\HBCrestronLibrary\bin\Debug\HBCrestronLibrary.clz...
11/27/2018 6:27:23 AM, Info: Saving project information...
11/27/2018 6:33:36 AM, Info: Validating assembly D:\Google Drive\Development Work\HBCrestronLibrary\HBCrestronLibrary\bin\Debug\HBCrestronLibrary.dll...
11/27/2018 6:33:36 AM, Info: Verifying assembly D:\Google Drive\Development Work\HBCrestronLibrary\HBCrestronLibrary\bin\Debug\HBCrestronLibrary.dll
11/27/2018 6:33:36 AM, Info: Creating Archive D:\Google Drive\Development Work\HBCrestronLibrary\HBCrestronLibrary\bin\Debug\HBCrestronLibrary.clz...
11/27/2018 6:33:36 AM, Info: Saving project information...
11/27/2018 6:33:55 AM, Info: Validating assembly D:\Google Drive\Development Work\HBCrestronLibrary\HBCrestronLibrary\bin\Debug\HBCrestronLibrary.dll...
11/27/2018 6:33:55 AM, Info: Verifying assembly D:\Google Drive\Development Work\HBCrestronLibrary\HBCrestronLibrary\bin\Debug\HBCrestronLibrary.dll
11/27/2018 6:33:55 AM, Info: Creating Archive D:\Google Drive\Development Work\HBCrestronLibrary\HBCrestronLibrary\bin\Debug\HBCrestronLibrary.clz...
11/27/2018 6:33:55 AM, Info: Saving project information...
11/27/2018 6:47:06 AM, Info: Validating assembly D:\Google Drive\Development Work\HBCrestronLibrary\HBCrestronLibrary\bin\Debug\HBCrestronLibrary.dll...
11/27/2018 6:47:07 AM, Info: Verifying assembly D:\Google Drive\Development Work\HBCrestronLibrary\HBCrestronLibrary\bin\Debug\HBCrestronLibrary.dll
11/27/2018 6:47:07 AM, Info: Creating Archive D:\Google Drive\Development Work\HBCrestronLibrary\HBCrestronLibrary\bin\Debug\HBCrestronLibrary.clz...
11/27/2018 6:47:07 AM, Info: Saving project information...
11/27/2018 6:49:59 AM, Info: Validating assembly D:\Google Drive\Development Work\HBCrestronLibrary\HBCrestronLibrary\bin\Debug\HBCrestronLibrary.dll...
11/27/2018 6:49:59 AM, Info: Verifying assembly D:\Google Drive\Development Work\HBCrestronLibrary\HBCrestronLibrary\bin\Debug\HBCrestronLibrary.dll
11/27/2018 6:49:59 AM, Info: Creating Archive D:\Google Drive\Development Work\HBCrestronLibrary\HBCrestronLibrary\bin\Debug\HBCrestronLibrary.clz...
11/27/2018 6:50:00 AM, Info: Saving project information...
11/27/2018 7:09:14 AM, Info: Terminating SIMPLSharp Services
